<?xml version="1.0" encoding="UTF-8"?>
<testsuite name="se.mulander.cosmos.common.cache.prefetch.PrefetchTest" tests="6" skipped="0" failures="0" errors="0" timestamp="2017-10-17T17:45:03" hostname="DESKTOP-0OHRULF" time="0.163">
  <properties/>
  <testcase name="Has a full prefetchCache built from builder, Has a new entry in the cache, The entry has been deleted, it Returns an empty optional" classname="se.mulander.cosmos.common.cache.prefetch.PrefetchTest" time="0.005"/>
  <testcase name="Has a full prefetchCache built from builder, Has a new entry in the cache, The prefetch ttl has not been reached, it Returns a non-empty optional" classname="se.mulander.cosmos.common.cache.prefetch.PrefetchTest" time="0.001"/>
  <testcase name="Has a full prefetchCache built from builder, Has a new entry in the cache, The prefetch ttl has not been reached, it Returns an optional wrapping the value" classname="se.mulander.cosmos.common.cache.prefetch.PrefetchTest" time="0.0"/>
  <testcase name="Has a full prefetchCache built from builder, Has a new entry in the cache, The prefetch ttl has been reached, it Returns the old value" classname="se.mulander.cosmos.common.cache.prefetch.PrefetchTest" time="0.003"/>
  <testcase name="Has a full prefetchCache built from builder, Has a new entry in the cache, The prefetch ttl has been reached, The cache has been hit, it It updates the value" classname="se.mulander.cosmos.common.cache.prefetch.PrefetchTest" time="0.001"/>
  <testcase name="Has a full prefetchCache built from builder, Has a new entry in the cache, The ttl has been reached, it Updates and returns the new value" classname="se.mulander.cosmos.common.cache.prefetch.PrefetchTest" time="0.0"/>
  <system-out><![CDATA[]]></system-out>
  <system-err><![CDATA[Detected late test-suite preparation of already initiated test-class se.mulander.cosmos.common.cache.prefetch.PrefetchTest
]]></system-err>
</testsuite>
