<?xml version="1.0" encoding="UTF-8"?>
<testsuite name="se.mulander.cosmos.folderscraper.test.ScraperTest" tests="20" skipped="0" failures="0" errors="0" timestamp="2017-10-17T18:00:58" hostname="DESKTOP-0OHRULF" time="0.561">
  <properties/>
  <testcase name="Scraper, Moving an object, Object is not completed, it throws IllegalArgumentException" classname="se.mulander.cosmos.folderscraper.test.ScraperTest" time="0.007"/>
  <testcase name="Scraper, Moving an object, Object is completed, Object is not a movie or a tv-show, it throws IllegalArgumentException" classname="se.mulander.cosmos.folderscraper.test.ScraperTest" time="0.001"/>
  <testcase name="Scraper, Moving an object, Object is completed, Object is both a movie and a tv-show, it throws IllegalArgumentException" classname="se.mulander.cosmos.folderscraper.test.ScraperTest" time="0.002"/>
  <testcase name="Scraper, Moving an object, Object is completed, Object is a TV-show, it Calls Files.move" classname="se.mulander.cosmos.folderscraper.test.ScraperTest" time="0.015"/>
  <testcase name="Scraper, Moving an object, Object is completed, Object is a Movie, it Calls Files.move" classname="se.mulander.cosmos.folderscraper.test.ScraperTest" time="0.001"/>
  <testcase name="Scraper, Checking folderstatus, Has no files or folders in watch path, it returns an empty list" classname="se.mulander.cosmos.folderscraper.test.ScraperTest" time="0.009"/>
  <testcase name="Scraper, Checking folderstatus, Has no completed files or folders in watch path, it returns an empty list" classname="se.mulander.cosmos.folderscraper.test.ScraperTest" time="0.005"/>
  <testcase name="Scraper, Checking folderstatus, Has a completed file or folder, Object is not in database, it adds it to the result list" classname="se.mulander.cosmos.folderscraper.test.ScraperTest" time="0.011"/>
  <testcase name="Scraper, Checking folderstatus, Has a completed file or folder, Object is not in database, it calls the update operation of the database on all objects" classname="se.mulander.cosmos.folderscraper.test.ScraperTest" time="0.008"/>
  <testcase name="Scraper, Checking folderstatus, Has a completed file or folder, Object is not in database, it calls the save operation of the database on all objects" classname="se.mulander.cosmos.folderscraper.test.ScraperTest" time="0.001"/>
  <testcase name="Scraper, Checking folderstatus, Has a completed file or folder, Object is already in the database, it adds it to the result list" classname="se.mulander.cosmos.folderscraper.test.ScraperTest" time="0.004"/>
  <testcase name="Scraper, Checking folderstatus, Has a completed file or folder, Object is already in the database, it calls the save operation of the database on all objects" classname="se.mulander.cosmos.folderscraper.test.ScraperTest" time="0.0"/>
  <testcase name="Scraper, Fetching metadata, Object cannot be found on omdbapi, it Doesn't change the object" classname="se.mulander.cosmos.folderscraper.test.ScraperTest" time="0.01"/>
  <testcase name="Scraper, Fetching metadata, Object can be found on omdbapi, Object is a tv-show, it Sets the tv-flag to true" classname="se.mulander.cosmos.folderscraper.test.ScraperTest" time="0.004"/>
  <testcase name="Scraper, Fetching metadata, Object can be found on omdbapi, Object is a tv-show, it Sets the movie-flag to false" classname="se.mulander.cosmos.folderscraper.test.ScraperTest" time="0.004"/>
  <testcase name="Scraper, Checking if file is downloaded, Download is a single file, Download is complete, it Returns true" classname="se.mulander.cosmos.folderscraper.test.ScraperTest" time="0.002"/>
  <testcase name="Scraper, Checking if file is downloaded, Download is a single file, Download is incomplete, it Returns true" classname="se.mulander.cosmos.folderscraper.test.ScraperTest" time="0.001"/>
  <testcase name="Scraper, Checking if file is downloaded, Download is a folder, Folder is empty, it Returns true" classname="se.mulander.cosmos.folderscraper.test.ScraperTest" time="0.001"/>
  <testcase name="Scraper, Checking if file is downloaded, Download is a folder, Folder has content, Download is complete, it Returns true" classname="se.mulander.cosmos.folderscraper.test.ScraperTest" time="0.001"/>
  <testcase name="Scraper, Checking if file is downloaded, Download is a folder, Folder has content, Download is incomplete, it Returns true" classname="se.mulander.cosmos.folderscraper.test.ScraperTest" time="0.001"/>
  <system-out><![CDATA[]]></system-out>
  <system-err><![CDATA[Detected late test-suite preparation of already initiated test-class se.mulander.cosmos.folderscraper.test.ScraperTest
]]></system-err>
</testsuite>
