<?xml version="1.0" encoding="UTF-8"?>
<testsuite name="se.mulander.cosmos.movies.MoviesTest" tests="0" skipped="0" failures="0" errors="0" timestamp="1970-01-01T00:00:00" hostname="DESKTOP-0OHRULF" time="0.0">
  <properties/>
  <system-out><![CDATA[]]></system-out>
  <system-err><![CDATA[Detected late test-suite preparation of already initiated test-class se.mulander.cosmos.movies.MoviesTest
]]></system-err>
</testsuite>
